<?xml version="1.0" encoding="UTF-8"?>
<!-- Generated by org.testng.reporters.JUnitReportReporter -->
<testsuite hostname="knight-H81M-S2PV" failures="0" tests="2" name="com.paysera.qa.testcases.NewTest" time="0.005" errors="0" timestamp="2021-07-23T15:18:51 BDT" skipped="0">
  <testcase classname="com.paysera.qa.testcases.NewTest" name="f" time="0.003"/>
  <system-out/>
  <testcase classname="com.paysera.qa.testcases.NewTest" name="f" time="0.002"/>
  <system-out/>
</testsuite> <!-- com.paysera.qa.testcases.NewTest -->
